<?xml version="1.0" encoding="UTF-8"?>
<!-- Generated by org.testng.reporters.JUnitXMLReporter -->
<testsuite hostname="TYC1121776Adi-PC" ignored="12" name="Test" tests="1" failures="0" timestamp="2022-01-28T14:29:10 IST" time="13.971" errors="0">
  <testcase name="repayLoan" time="13.846" classname="testNGBasics.TC_Home_004"/>
  <testcase name="modifyLoan" time="0.0" classname="testNGBasics.TC_Home_003">
    <ignored/>
  </testcase> <!-- modifyLoan -->
  <testcase name="createLoan" time="0.0" classname="testNGBasics.TC_Home_002">
    <ignored/>
  </testcase> <!-- createLoan -->
  <testcase name="deleteLoan" time="0.0" classname="testNGBasics.TC_Home_005">
    <ignored/>
  </testcase> <!-- deleteLoan -->
  <testcase name="ZomatoHomePage" time="0.0" classname="testNGBasics.TC_Home_001">
    <ignored/>
  </testcase> <!-- ZomatoHomePage -->
  <testcase name="ActiTimeHomePage" time="0.0" classname="testNGBasics.TC_Home_001">
    <ignored/>
  </testcase> <!-- ActiTimeHomePage -->
  <testcase name="searchproducts" time="0.0" classname="testNg_Advanced.TC_TwoDArray_001">
    <ignored/>
  </testcase> <!-- searchproducts -->
  <testcase name="deleteLoan" time="0.0" classname="testNGBasics.TC_Home_002">
    <ignored/>
  </testcase> <!-- deleteLoan -->
  <testcase name="modifyAccount" time="0.0" classname="testNGBasics.TC_Accounts_001">
    <ignored/>
  </testcase> <!-- modifyAccount -->
  <testcase name="SkillraryHomePage" time="0.0" classname="testNGBasics.TC_Home_001">
    <ignored/>
  </testcase> <!-- SkillraryHomePage -->
  <testcase name="searchproducts" time="0.0" classname="testNg_Advanced.TC_Support_001">
    <ignored/>
  </testcase> <!-- searchproducts -->
  <testcase name="repayLoan" time="0.0" classname="testNGBasics.TC_Home_002">
    <ignored/>
  </testcase> <!-- repayLoan -->
  <testcase name="modifyLoan" time="0.0" classname="testNGBasics.TC_Home_002">
    <ignored/>
  </testcase> <!-- modifyLoan -->
</testsuite> <!-- Test -->
