<?xml version="1.0" encoding="UTF-8"?>
<!-- Generated by org.testng.reporters.JUnitXMLReporter -->
<testsuite hostname="TYC1121776Adi-PC" ignored="0" name="Default test(failed)" tests="4" failures="0" timestamp="2022-01-24T16:13:48 IST" time="70.494" errors="0">
  <testcase name="searchproducts" time="62.775" classname="testNg_Advanced.TC_Support_001"/>
  <testcase name="searchproducts" time="63.645" classname="testNg_Advanced.TC_Support_001"/>
  <testcase name="searchproducts" time="69.106" classname="testNg_Advanced.TC_Support_001"/>
  <testcase name="searchproducts" time="69.338" classname="testNg_Advanced.TC_Support_001"/>
</testsuite> <!-- Default test(failed) -->
