<?xml version="1.0" encoding="UTF-8"?>
<testng-results skipped="0" failed="0" ignored="0" total="4" passed="4">
  <reporter-output>
  </reporter-output>
  <suite name="Default suite" duration-ms="58698" started-at="2022-02-28T17:54:43 IST" finished-at="2022-02-28T17:55:42 IST">
    <groups>
    </groups>
    <test name="Default test" duration-ms="58698" started-at="2022-02-28T17:54:43 IST" finished-at="2022-02-28T17:55:42 IST">
      <class name="testNGBasics.TC_Home_001">
        <test-method status="PASS" signature="ActiTimeHomePage()[pri:-1, instance:testNGBasics.TC_Home_001@7494e528]" name="ActiTimeHomePage" duration-ms="31804" started-at="2022-02-28T17:54:43 IST" finished-at="2022-02-28T17:55:15 IST">
          <reporter-output>
          </reporter-output>
        </test-method> <!-- ActiTimeHomePage -->
        <test-method status="PASS" signature="ActiTimeHomePage()[pri:-1, instance:testNGBasics.TC_Home_001@7494e528]" name="ActiTimeHomePage" duration-ms="29976" started-at="2022-02-28T17:54:43 IST" finished-at="2022-02-28T17:55:13 IST">
          <reporter-output>
          </reporter-output>
        </test-method> <!-- ActiTimeHomePage -->
        <test-method status="PASS" signature="ZomatoHomePage()[pri:0, instance:testNGBasics.TC_Home_001@7494e528]" name="ZomatoHomePage" duration-ms="19729" started-at="2022-02-28T17:55:15 IST" finished-at="2022-02-28T17:55:35 IST">
          <reporter-output>
          </reporter-output>
        </test-method> <!-- ZomatoHomePage -->
        <test-method status="PASS" signature="SkillraryHomePage()[pri:1, instance:testNGBasics.TC_Home_001@7494e528]" name="SkillraryHomePage" duration-ms="6927" started-at="2022-02-28T17:55:35 IST" finished-at="2022-02-28T17:55:42 IST">
          <reporter-output>
          </reporter-output>
        </test-method> <!-- SkillraryHomePage -->
      </class> <!-- testNGBasics.TC_Home_001 -->
    </test> <!-- Default test -->
  </suite> <!-- Default suite -->
</testng-results>
