<?xml version="1.0" encoding="UTF-8"?>
<testng-results skipped="0" failed="0" ignored="0" total="1" passed="1">
  <reporter-output>
  </reporter-output>
  <suite name="Default suite" duration-ms="21813" started-at="2022-01-21T14:59:29 IST" finished-at="2022-01-21T14:59:50 IST">
    <groups>
    </groups>
    <test name="Default test" duration-ms="21813" started-at="2022-01-21T14:59:29 IST" finished-at="2022-01-21T14:59:50 IST">
      <class name="basics.LunchingChromeBrowser">
        <test-method status="PASS" signature="CreateAccount()[pri:0, instance:basics.LunchingChromeBrowser@3b084709]" name="CreateAccount" duration-ms="21721" started-at="2022-01-21T14:59:29 IST" finished-at="2022-01-21T14:59:50 IST">
          <reporter-output>
          </reporter-output>
        </test-method> <!-- CreateAccount -->
      </class> <!-- basics.LunchingChromeBrowser -->
    </test> <!-- Default test -->
  </suite> <!-- Default suite -->
</testng-results>
