<?xml version="1.0" encoding="UTF-8"?>
<!-- Generated by org.testng.reporters.JUnitXMLReporter -->
<testsuite hostname="TYC1121776Adi-PC" ignored="0" name="Default test" tests="4" failures="0" timestamp="2022-02-28T17:55:42 IST" time="58.698" errors="0">
  <testcase name="ActiTimeHomePage" time="29.976" classname="testNGBasics.TC_Home_001"/>
  <testcase name="ActiTimeHomePage" time="31.804" classname="testNGBasics.TC_Home_001"/>
  <testcase name="ZomatoHomePage" time="19.729" classname="testNGBasics.TC_Home_001"/>
  <testcase name="SkillraryHomePage" time="6.927" classname="testNGBasics.TC_Home_001"/>
</testsuite> <!-- Default test -->
