<?xml version="1.0" encoding="UTF-8"?>
<!-- Generated by org.testng.reporters.JUnitXMLReporter -->
<testsuite hostname="TYC1121776Adi-PC" ignored="0" name="Default test" tests="5" failures="0" timestamp="2022-01-24T15:09:09 IST" time="153.638" errors="0">
  <testcase name="searchproducts" time="32.905" classname="testNg_Advanced.TC_Support_001"/>
  <testcase name="searchproducts" time="28.074" classname="testNg_Advanced.TC_Support_001"/>
  <testcase name="searchproducts" time="24.851" classname="testNg_Advanced.TC_Support_001"/>
  <testcase name="searchproducts" time="30.254" classname="testNg_Advanced.TC_Support_001"/>
  <testcase name="searchproducts" time="34.184" classname="testNg_Advanced.TC_Support_001"/>
</testsuite> <!-- Default test -->
